Adaptive RTO Test Client
Connect to pc1-036-l:24536
Sending 10 packets of 1280 bytes each

Connection established (adaptive RTO initialized)
Initial RTO: 1000000 us (1.000 s)

Packet |   RTT (us)   |  SRTT (us)   | RTTVAR (us)  |   RTO (us)   |  RTO (s)
--------|--------------|--------------|--------------|--------------|----------
      1 |          727 |          781 |          311 |      1000000 | 1.000000
      2 |          790 |          782 |          235 |      1000000 | 1.000000
      3 |          708 |          772 |          194 |      1000000 | 1.000000
      4 |          658 |          757 |          174 |      1000000 | 1.000000
      5 |          668 |          745 |          152 |      1000000 | 1.000000
      6 |          661 |          734 |          135 |      1000000 | 1.000000
      7 |          638 |          722 |          125 |      1000000 | 1.000000
      8 |          669 |          715 |          107 |      1000000 | 1.000000
      9 |          610 |          701 |          106 |      1000000 | 1.000000
     10 |          523 |          678 |          124 |      1000000 | 1.000000

Closing connection...

Final RTO Statistics:
  Smoothed RTT: 678 us (0.678 ms)
  RTT Variance: 124 us (0.124 ms)
  Final RTO: 1000000 us (1.000 s)
  Data packets TX: 10
  Data packets RX (ACK): 10
  Retransmissions: 0
start_time: 2026-04-22_15:00:09 (1776866409.900589s)
finish_time: 2026-04-22_15:00:09 (1776866409.908468s)
(duration): 0.007879s
sd: 3
port: 24536
local: 0.0.0.0 40391
remote: 138.251.30.89 24536
state: 0 (closed)
seq_tx: 13
seq_rx: 2
rtt: 523 us
rto: 1000000 us
open_req_rx: 0
open_req_dup_rx: 0
open_reqack_rx: 1
open_reqack_dup_rx: 0
open_ack_rx: 0
open_ack_dup_rx: 0
open_req_tx: 1
open_req_re_tx: 0
open_reqack_tx: 0
open_reqack_re_tx: 0
open_ack_tx: 1
open_ack_re_tx: 0
data_req_rx: 0
data_req_bytes_rx: 0
data_ack_rx: 10
data_req_dup_rx: 0
data_req_bytes_dup_rx: 0
data_ack_dup_rx: 0
data_req_tx: 10
data_req_bytes_tx: 12800
data_ack_tx: 0
data_req_re_tx: 0
data_req_bytes_re_tx: 0
data_ack_re_tx: 0
close_req_rx: 0
close_req_dup_rx: 0
close_ack_rx: 1
close_ack_dup_rx: 0
close_req_tx: 1
close_req_re_tx: 0
close_ack_tx: 0
close_ack_re_tx: 0
data mean tx_rate: 13.00 Mbps - 12996573 bps
