Adaptive RTO Test Server
Listening on port 24536

start() OK
Connection accepted
Client RTO (adaptive): 1000000 us (1.000 s)

Packet |   RTT (us)   |  SRTT (us)   | RTTVAR (us)  |   RTO (us)   | Bytes RX
--------|--------------|--------------|--------------|--------------|----------
      1 |          725 |          725 |          362 |      1000000 |     1280
      2 |          725 |          725 |          362 |      1000000 |     1280
      3 |          725 |          725 |          362 |      1000000 |     1280
      4 |          725 |          725 |          362 |      1000000 |     1280
      5 |          725 |          725 |          362 |      1000000 |     1280
      6 |          725 |          725 |          362 |      1000000 |     1280
      7 |          725 |          725 |          362 |      1000000 |     1280
      8 |          725 |          725 |          362 |      1000000 |     1280
      9 |          725 |          725 |          362 |      1000000 |     1280
     10 |          725 |          725 |          362 |      1000000 |     1280

Connection closed

Final RTO Statistics (Server View):
  Smoothed RTT: 725 us (0.725 ms)
  RTT Variance: 362 us (0.362 ms)
  RTO: 1000000 us (1.000 s)
  Packets received: 10
  Total bytes received: 12800
start_time: 2026-04-22_15:00:09 (1776866409.900866s)
(now): 2026-04-22_15:00:09 (1776866409.908070s)
(duration): 0.007204s
sd: 3
port: 24536
local: 0.0.0.0 24536
remote: 138.251.28.52 40391
state: 5 (closing_i)
seq_tx: 3
seq_rx: 12
rtt: 725 us
rto: 1000000 us
open_req_rx: 1
open_req_dup_rx: 0
open_reqack_rx: 0
open_reqack_dup_rx: 0
open_ack_rx: 1
open_ack_dup_rx: 0
open_req_tx: 0
open_req_re_tx: 0
open_reqack_tx: 1
open_reqack_re_tx: 0
open_ack_tx: 0
open_ack_re_tx: 0
data_req_rx: 10
data_req_bytes_rx: 12800
data_ack_rx: 0
data_req_dup_rx: 0
data_req_bytes_dup_rx: 0
data_ack_dup_rx: 0
data_req_tx: 0
data_req_bytes_tx: 0
data_ack_tx: 10
data_req_re_tx: 0
data_req_bytes_re_tx: 0
data_ack_re_tx: 0
close_req_rx: 1
close_req_dup_rx: 0
close_ack_rx: 0
close_ack_dup_rx: 0
close_req_tx: 0
close_req_re_tx: 0
close_ack_tx: 1
close_ack_re_tx: 0
data mean rx_rate: 14.21 Mbps - 14214325 bps
