clang -Wall -I.  -c tests/test-client-0.c
clang -Wall -I.  -c lrtp.c
clang -Wall -I.  -c lrtp-common.c
clang -Wall -I.  -c lrtp-pcb.c
clang -Wall -I.  -c lrtp-fsm.c
clang -Wall -I.  -c byteorder64.c
clang -Wall -I.  -c d_print.c
ar ruv liblrtp.a lrtp.o lrtp-common.o lrtp-pcb.o lrtp-fsm.o byteorder64.o d_print.o
ar: creating liblrtp.a
a - lrtp.o
a - lrtp-common.o
a - lrtp-pcb.o
a - lrtp-fsm.o
a - byteorder64.o
a - d_print.o
clang   test-client-0.o liblrtp.a   -o test-client-0
clang -Wall -I.  -c tests/test-server-0.c
clang   test-server-0.o liblrtp.a   -o test-server-0
clang -Wall -I.  -c tests/test-client-1.c
clang   test-client-1.o liblrtp.a   -o test-client-1
clang -Wall -I.  -c tests/test-server-1.c
clang   test-server-1.o liblrtp.a   -o test-server-1
clang -Wall -I.  -c tests/test-client-2.c
clang   test-client-2.o liblrtp.a   -o test-client-2
clang -Wall -I.  -c tests/test-server-2.c
clang   test-server-2.o liblrtp.a   -o test-server-2
clang -Wall -I.  -c tests/test-client-3.c
clang   test-client-3.o liblrtp.a   -o test-client-3
clang -Wall -I.  -c tests/test-server-3.c
clang   test-server-3.o liblrtp.a   -o test-server-3
clang -Wall -I.  -c tests/test-adaptive-rto-client.c
tests/test-adaptive-rto-client.c:99:39: warning: format specifies type 'unsigned long long' but the argument has type 'uint64_t' (aka 'unsigned long') [-Wformat]
   99 |   printf("  Data packets TX: %llu\n", G_pcb.data_req_tx);
      |                              ~~~~     ^~~~~~~~~~~~~~~~~
      |                              %lu
tests/test-adaptive-rto-client.c:100:45: warning: format specifies type 'unsigned long long' but the argument has type 'uint64_t' (aka 'unsigned long') [-Wformat]
  100 |   printf("  Data packets RX (ACK): %llu\n", G_pcb.data_ack_rx);
      |                                    ~~~~     ^~~~~~~~~~~~~~~~~
      |                                    %lu
tests/test-adaptive-rto-client.c:101:39: warning: format specifies type 'unsigned long long' but the argument has type 'uint64_t' (aka 'unsigned long') [-Wformat]
  101 |   printf("  Retransmissions: %llu\n", G_pcb.data_req_re_tx);
      |                              ~~~~     ^~~~~~~~~~~~~~~~~~~~
      |                              %lu
3 warnings generated.
clang   test-adaptive-rto-client.o liblrtp.a   -o test-adaptive-rto-client
clang -Wall -I.  -c tests/test-adaptive-rto-server.c
tests/test-adaptive-rto-server.c:90:44: warning: format specifies type 'unsigned long long' but the argument has type 'uint64_t' (aka 'unsigned long') [-Wformat]
   90 |   printf("  Total bytes received: %llu\n", G_pcb.data_req_bytes_rx);
      |                                   ~~~~     ^~~~~~~~~~~~~~~~~~~~~~~
      |                                   %lu
1 warning generated.
clang   test-adaptive-rto-server.o liblrtp.a   -o test-adaptive-rto-server
clang -Wall -I.  -c tests/test-large-transfer-client.c
tests/test-large-transfer-client.c:105:39: warning: format specifies type 'unsigned long long' but the argument has type 'uint64_t' (aka 'unsigned long') [-Wformat]
  105 |   printf("  Data packets TX: %llu\n", G_pcb.data_req_tx);
      |                              ~~~~     ^~~~~~~~~~~~~~~~~
      |                              %lu
tests/test-large-transfer-client.c:106:45: warning: format specifies type 'unsigned long long' but the argument has type 'uint64_t' (aka 'unsigned long') [-Wformat]
  106 |   printf("  Data packets RX (ACK): %llu\n", G_pcb.data_ack_rx);
      |                                    ~~~~     ^~~~~~~~~~~~~~~~~
      |                                    %lu
tests/test-large-transfer-client.c:107:39: warning: format specifies type 'unsigned long long' but the argument has type 'uint64_t' (aka 'unsigned long') [-Wformat]
  107 |   printf("  Retransmissions: %llu\n", G_pcb.data_req_re_tx);
      |                              ~~~~     ^~~~~~~~~~~~~~~~~~~~
      |                              %lu
3 warnings generated.
clang   test-large-transfer-client.o liblrtp.a   -o test-large-transfer-client
clang -Wall -I.  -c tests/test-large-transfer-server.c
clang   test-large-transfer-server.o liblrtp.a   -o test-large-transfer-server
clang -Wall -I.  -c tests/test-multiple-sends-client.c
tests/test-multiple-sends-client.c:97:39: warning: format specifies type 'unsigned long long' but the argument has type 'uint64_t' (aka 'unsigned long') [-Wformat]
   97 |   printf("  Data packets TX: %llu\n", G_pcb.data_req_tx);
      |                              ~~~~     ^~~~~~~~~~~~~~~~~
      |                              %lu
tests/test-multiple-sends-client.c:98:45: warning: format specifies type 'unsigned long long' but the argument has type 'uint64_t' (aka 'unsigned long') [-Wformat]
   98 |   printf("  Data packets RX (ACK): %llu\n", G_pcb.data_ack_rx);
      |                                    ~~~~     ^~~~~~~~~~~~~~~~~
      |                                    %lu
tests/test-multiple-sends-client.c:99:39: warning: format specifies type 'unsigned long long' but the argument has type 'uint64_t' (aka 'unsigned long') [-Wformat]
   99 |   printf("  Retransmissions: %llu\n", G_pcb.data_req_re_tx);
      |                              ~~~~     ^~~~~~~~~~~~~~~~~~~~
      |                              %lu
3 warnings generated.
clang   test-multiple-sends-client.o liblrtp.a   -o test-multiple-sends-client
clang -Wall -I.  -c tests/test-multiple-sends-server.c
clang   test-multiple-sends-server.o liblrtp.a   -o test-multiple-sends-server
clang -Wall -I.  -c tests/test-stress-client.c
tests/test-stress-client.c:122:37: warning: format specifies type 'unsigned long long' but the argument has type 'uint64_t' (aka 'unsigned long') [-Wformat]
  122 |   printf("  Packets ACK'd: %llu\n", G_pcb.data_ack_rx);
      |                            ~~~~     ^~~~~~~~~~~~~~~~~
      |                            %lu
tests/test-stress-client.c:123:39: warning: format specifies type 'unsigned long long' but the argument has type 'uint64_t' (aka 'unsigned long') [-Wformat]
  123 |   printf("  Retransmissions: %llu\n", G_pcb.data_req_re_tx);
      |                              ~~~~     ^~~~~~~~~~~~~~~~~~~~
      |                              %lu
2 warnings generated.
clang   test-stress-client.o liblrtp.a   -o test-stress-client
clang -Wall -I.  -c tests/test-stress-server.c
clang   test-stress-server.o liblrtp.a   -o test-stress-server
