Multiple Sends Test Client
Connecting to pc8-002-l:24536
Connection established

Payload  |   RTT (us)   |  SRTT (us)   | RTTVAR (us)  |   RTO (us)   | Label
---------|--------------|--------------|--------------|--------------|-------------------
      1 |          486 |          522 |          208 |      1000000 | Small (5)
      2 |          524 |          522 |          156 |      1000000 | Medium (31)
      3 |          481 |          516 |          127 |      1000000 | Large (92)
      4 |          516 |          516 |           95 |      1000000 | Binary (8)
      5 |          249 |          482 |          138 |      1000000 | Empty (0)

Closing connection...
Connection closed

Final RTO Statistics:
  Smoothed RTT: 482 us (0.482 ms)
  RTT Variance: 138 us (0.138 ms)
  RTO: 1000000 us (1.000 s)
  Data packets TX: 5
  Data packets RX (ACK): 5
  Retransmissions: 0
start_time: 2026-04-21_15:00:22 (1776780022.848651s)
finish_time: 2026-04-21_15:00:22 (1776780022.851678s)
(duration): 0.003027s
sd: 3
port: 24536
local: 0.0.0.0 55425
remote: 138.251.29.164 24536
state: 0 (closed)
seq_tx: 8
seq_rx: 2
rtt: 249 us
rto: 1000000 us
open_req_rx: 0
open_req_dup_rx: 0
open_reqack_rx: 1
open_reqack_dup_rx: 0
open_ack_rx: 0
open_ack_dup_rx: 0
open_req_tx: 1
open_req_re_tx: 0
open_reqack_tx: 0
open_reqack_re_tx: 0
open_ack_tx: 1
open_ack_re_tx: 0
data_req_rx: 0
data_req_bytes_rx: 0
data_ack_rx: 5
data_req_dup_rx: 0
data_req_bytes_dup_rx: 0
data_ack_dup_rx: 0
data_req_tx: 5
data_req_bytes_tx: 136
data_ack_tx: 0
data_req_re_tx: 0
data_req_bytes_re_tx: 0
data_ack_re_tx: 0
close_req_rx: 0
close_req_dup_rx: 0
close_ack_rx: 1
close_ack_dup_rx: 0
close_req_tx: 1
close_req_re_tx: 0
close_ack_tx: 0
close_ack_re_tx: 0
data mean tx_rate: 359.43 Kbps - 359431 bps
