Large Transfer Test Client
Connecting to pc1-036-l:24536
Payload size: 1024 bytes, Total packets: 20

Connection established

Packet |   RTT (us)   |  SRTT (us)   | RTTVAR (us)  |   RTO (us)   |  RTO (s)
--------|--------------|--------------|--------------|--------------|----------
      1 |          639 |          651 |          248 |      1000000 |    1.000
      2 |          655 |          651 |          187 |      1000000 |    1.000
      3 |          653 |          651 |          140 |      1000000 |    1.000
      4 |          524 |          635 |          136 |      1000000 |    1.000
      5 |          489 |          616 |          138 |      1000000 |    1.000
      6 |          499 |          601 |          132 |      1000000 |    1.000
      7 |          485 |          586 |          128 |      1000000 |    1.000
      8 |          478 |          572 |          123 |      1000000 |    1.000
      9 |          448 |          556 |          123 |      1000000 |    1.000
     10 |          476 |          546 |          112 |      1000000 |    1.000
     11 |          476 |          537 |          101 |      1000000 |    1.000
     12 |          476 |          529 |           91 |      1000000 |    1.000
     13 |          477 |          522 |           81 |      1000000 |    1.000
     14 |          476 |          516 |           72 |      1000000 |    1.000
     15 |          445 |          507 |           71 |      1000000 |    1.000
     16 |          474 |          502 |           61 |      1000000 |    1.000
     17 |          447 |          495 |           59 |      1000000 |    1.000
     18 |          432 |          487 |           60 |      1000000 |    1.000
     19 |          467 |          484 |           50 |      1000000 |    1.000
     20 |          484 |          484 |           37 |      1000000 |    1.000

Closing connection...
Connection closed

Final RTO Statistics:
  Smoothed RTT: 484 us (0.484 ms)
  RTT Variance: 37 us (0.037 ms)
  RTO: 1000000 us (1.000 s)
  Data packets TX: 20
  Data packets RX (ACK): 20
  Retransmissions: 0
start_time: 2026-04-22_15:00:14 (1776866414.291441s)
finish_time: 2026-04-22_15:00:14 (1776866414.302617s)
(duration): 0.011176s
sd: 3
port: 24536
local: 0.0.0.0 47447
remote: 138.251.30.89 24536
state: 0 (closed)
seq_tx: 23
seq_rx: 2
rtt: 484 us
rto: 1000000 us
open_req_rx: 0
open_req_dup_rx: 0
open_reqack_rx: 1
open_reqack_dup_rx: 0
open_ack_rx: 0
open_ack_dup_rx: 0
open_req_tx: 1
open_req_re_tx: 0
open_reqack_tx: 0
open_reqack_re_tx: 0
open_ack_tx: 1
open_ack_re_tx: 0
data_req_rx: 0
data_req_bytes_rx: 0
data_ack_rx: 20
data_req_dup_rx: 0
data_req_bytes_dup_rx: 0
data_ack_dup_rx: 0
data_req_tx: 20
data_req_bytes_tx: 20480
data_ack_tx: 0
data_req_re_tx: 0
data_req_bytes_re_tx: 0
data_ack_re_tx: 0
close_req_rx: 0
close_req_dup_rx: 0
close_ack_rx: 1
close_ack_dup_rx: 0
close_req_tx: 1
close_req_re_tx: 0
close_ack_tx: 0
close_ack_re_tx: 0
data mean tx_rate: 14.66 Mbps - 14659985 bps
