Large Transfer Test Server
Listening on port 24536

start() OK
Connection accepted

Packet |   RTT (us)   |  SRTT (us)   | RTTVAR (us)  |   RTO (us)   | Bytes RX
--------|--------------|--------------|--------------|--------------|----------
      1 |          570 |          570 |          285 |      1000000 |     1024
      2 |          570 |          570 |          285 |      1000000 |     1024
      3 |          570 |          570 |          285 |      1000000 |     1024
      4 |          570 |          570 |          285 |      1000000 |     1024
      5 |          570 |          570 |          285 |      1000000 |     1024
      6 |          570 |          570 |          285 |      1000000 |     1024
      7 |          570 |          570 |          285 |      1000000 |     1024
      8 |          570 |          570 |          285 |      1000000 |     1024
      9 |          570 |          570 |          285 |      1000000 |     1024
     10 |          570 |          570 |          285 |      1000000 |     1024
     11 |          570 |          570 |          285 |      1000000 |     1024
     12 |          570 |          570 |          285 |      1000000 |     1024
     13 |          570 |          570 |          285 |      1000000 |     1024
     14 |          570 |          570 |          285 |      1000000 |     1024
     15 |          570 |          570 |          285 |      1000000 |     1024
     16 |          570 |          570 |          285 |      1000000 |     1024
     17 |          570 |          570 |          285 |      1000000 |     1024
     18 |          570 |          570 |          285 |      1000000 |     1024
     19 |          570 |          570 |          285 |      1000000 |     1024
     20 |          570 |          570 |          285 |      1000000 |     1024

Connection closed
Total packets received: 20
Total bytes received: 20480

Final RTO Statistics (Server View):
  Smoothed RTT: 570 us (0.570 ms)
  RTT Variance: 285 us (0.285 ms)
  RTO: 1000000 us (1.000 s)
start_time: 2026-04-22_15:00:14 (1776866414.291575s)
(now): 2026-04-22_15:00:14 (1776866414.302206s)
(duration): 0.010631s
sd: 3
port: 24536
local: 0.0.0.0 24536
remote: 138.251.28.52 47447
state: 5 (closing_i)
seq_tx: 3
seq_rx: 22
rtt: 570 us
rto: 1000000 us
open_req_rx: 1
open_req_dup_rx: 0
open_reqack_rx: 0
open_reqack_dup_rx: 0
open_ack_rx: 1
open_ack_dup_rx: 0
open_req_tx: 0
open_req_re_tx: 0
open_reqack_tx: 1
open_reqack_re_tx: 0
open_ack_tx: 0
open_ack_re_tx: 0
data_req_rx: 20
data_req_bytes_rx: 20480
data_ack_rx: 0
data_req_dup_rx: 0
data_req_bytes_dup_rx: 0
data_ack_dup_rx: 0
data_req_tx: 0
data_req_bytes_tx: 0
data_ack_tx: 20
data_req_re_tx: 0
data_req_bytes_re_tx: 0
data_ack_re_tx: 0
close_req_rx: 1
close_req_dup_rx: 0
close_ack_rx: 0
close_ack_dup_rx: 0
close_req_tx: 0
close_req_re_tx: 0
close_ack_tx: 1
close_ack_re_tx: 0
data mean rx_rate: 15.41 Mbps - 15411532 bps
