Multiple Sends Test Client
Connecting to pc1-036-l:24536
Connection established

Payload  |   RTT (us)   |  SRTT (us)   | RTTVAR (us)  |   RTO (us)   | Label
---------|--------------|--------------|--------------|--------------|-------------------
      1 |          664 |          698 |          273 |      1000000 | Small (5)
      2 |          600 |          685 |          229 |      1000000 | Medium (31)
      3 |          645 |          680 |          181 |      1000000 | Large (92)
      4 |          520 |          660 |          175 |      1000000 | Binary (8)
      5 |          402 |          627 |          195 |      1000000 | Empty (0)

Closing connection...
Connection closed

Final RTO Statistics:
  Smoothed RTT: 627 us (0.627 ms)
  RTT Variance: 195 us (0.195 ms)
  RTO: 1000000 us (1.000 s)
  Data packets TX: 5
  Data packets RX (ACK): 5
  Retransmissions: 0
start_time: 2026-04-22_15:00:18 (1776866418.733284s)
finish_time: 2026-04-22_15:00:18 (1776866418.737257s)
(duration): 0.003973s
sd: 3
port: 24536
local: 0.0.0.0 34801
remote: 138.251.30.89 24536
state: 0 (closed)
seq_tx: 8
seq_rx: 2
rtt: 402 us
rto: 1000000 us
open_req_rx: 0
open_req_dup_rx: 0
open_reqack_rx: 1
open_reqack_dup_rx: 0
open_ack_rx: 0
open_ack_dup_rx: 0
open_req_tx: 1
open_req_re_tx: 0
open_reqack_tx: 0
open_reqack_re_tx: 0
open_ack_tx: 1
open_ack_re_tx: 0
data_req_rx: 0
data_req_bytes_rx: 0
data_ack_rx: 5
data_req_dup_rx: 0
data_req_bytes_dup_rx: 0
data_ack_dup_rx: 0
data_req_tx: 5
data_req_bytes_tx: 136
data_ack_tx: 0
data_req_re_tx: 0
data_req_bytes_re_tx: 0
data_ack_re_tx: 0
close_req_rx: 0
close_req_dup_rx: 0
close_ack_rx: 1
close_ack_dup_rx: 0
close_req_tx: 1
close_req_re_tx: 0
close_ack_tx: 0
close_ack_re_tx: 0
data mean tx_rate: 273.85 Kbps - 273848 bps
